[debug] [2023-07-10T17:58:02.080Z] ----------------------------------------------------------------------
[debug] [2023-07-10T17:58:02.084Z] Command:       C:\Program Files\nodejs\node.exe C:\Users\DT55\AppData\Roaming\npm\node_modules\firebase-tools\lib\bin\firebase.js init
[debug] [2023-07-10T17:58:02.084Z] CLI Version:   12.4.3
[debug] [2023-07-10T17:58:02.084Z] Platform:      win32
[debug] [2023-07-10T17:58:02.085Z] Node Version:  v20.1.0
[debug] [2023-07-10T17:58:02.085Z] Time:          Mon Jul 10 2023 22:58:02 GMT+0500 (Pakistan Standard Time)
[debug] [2023-07-10T17:58:02.085Z] ----------------------------------------------------------------------
[debug] 
[debug] [2023-07-10T17:58:02.093Z] > command requires scopes: ["email","openid","https://www.googleapis.com/auth/cloudplatformprojects.readonly","https://www.googleapis.com/auth/firebase","https://www.googleapis.com/auth/cloud-platform"]
[debug] [2023-07-10T17:58:02.094Z] > authorizing via signed-in user (sajidworkplace7@gmail.com)
[info] 
     ######## #### ########  ######## ########     ###     ######  ########
     ##        ##  ##     ## ##       ##     ##  ##   ##  ##       ##
     ######    ##  ########  ######   ########  #########  ######  ######
     ##        ##  ##    ##  ##       ##     ## ##     ##       ## ##
     ##       #### ##     ## ######## ########  ##     ##  ######  ########

You're about to initialize a Firebase project in this directory:

  D:\Sajid Shahid\Personal Clones\hand-detection

[info] 
=== Project Setup
[info] 
[info] First, let's associate this project directory with a Firebase project.
[info] You can create multiple project aliases by running firebase use --add, 
[info] but for now we'll just set up a default project.
[info] 
[debug] [2023-07-10T17:58:07.606Z] >>> [apiv2][query] GET https://firebase.googleapis.com/v1beta1/projects pageSize=100
[debug] [2023-07-10T17:58:11.780Z] Failed to make request to https://firebase.googleapis.com/v1beta1/projects?pageSize=100
[debug] [2023-07-10T17:58:13.191Z] FirebaseError: Failed to make request to https://firebase.googleapis.com/v1beta1/projects?pageSize=100
    at RetryOperation._fn (C:\Users\DT55\AppData\Roaming\npm\node_modules\firebase-tools\lib\apiv2.js:242:31)
    at process.processTicksAndRejections (node:internal/process/task_queues:95:5)
[error] 
[error] Error: Failed to list Firebase projects. See firebase-debug.log for more info.
